This is pdfTeX, Version 3.14159265-2.6-1.40.15 (TeX Live 2014) (preloaded format=pdflatex 2014.5.25)  20 NOV 2016 18:00
entering extended mode
 restricted \write18 enabled.
 %&-line parsing enabled.
**username.tex
(./username.tex
LaTeX2e <2014/05/01>
Babel <3.9k> and hyphenation patterns for 78 languages loaded.
(./woosterthesis.cls
Document Class: woosterthesis 2006/11/03 v4.2.1 Wooster IS LaTeX document class
 by Dr. Jon Breitenbucher
(/usr/local/texlive/2014/texmf-dist/tex/generic/oberdiek/ifpdf.sty
Package: ifpdf 2011/01/30 v2.3 Provides the ifpdf switch (HO)
Package ifpdf Info: pdfTeX in PDF mode is detected.
)
(/usr/local/texlive/2014/texmf-dist/tex/generic/ifxetex/ifxetex.sty
Package: ifxetex 2010/09/12 v0.6 Provides ifxetex conditional
)
(/usr/local/texlive/2014/texmf-dist/tex/latex/textpos/textpos.sty
Package: textpos 2014/01/03 v1.7j

Package: textpos 2014/01/03 1.7j, absolute positioning of text on the page
\TP@textbox=\box26
\TPHorizModule=\dimen102
\TPVertModule=\dimen103
\TP@margin=\dimen104
\TP@absmargin=\dimen105
Grid set 16 x 16 = 38.39343pt x 49.68562pt
\TPboxrulesize=\dimen106
\TP@tbargs=\toks14
\TP@prevdepth=\dimen107
) (/usr/local/texlive/2014/texmf-dist/tex/latex/amscls/amsthm.sty
Package: amsthm 2004/08/06 v2.20
\thm@style=\toks15
\thm@bodyfont=\toks16
\thm@headfont=\toks17
\thm@notefont=\toks18
\thm@headpunct=\toks19
\thm@preskip=\skip41
\thm@postskip=\skip42
\thm@headsep=\skip43
\dth@everypar=\toks20
)
(/usr/local/texlive/2014/texmf-dist/tex/latex/amsfonts/amssymb.sty
Package: amssymb 2013/01/14 v3.01 AMS font symbols

(/usr/local/texlive/2014/texmf-dist/tex/latex/amsfonts/amsfonts.sty
Package: amsfonts 2013/01/14 v3.01 Basic AMSFonts support
\@emptytoks=\toks21
\symAMSa=\mathgroup4
\symAMSb=\mathgroup5
LaTeX Font Info:    Overwriting math alphabet `\mathfrak' in version `bold'
(Font)                  U/euf/m/n --> U/euf/b/n on input line 106.
))
(/usr/local/texlive/2014/texmf-dist/tex/latex/amsmath/amsmath.sty
Package: amsmath 2013/01/14 v2.14 AMS math features
\@mathmargin=\skip44

For additional information on amsmath, use the `?' option.
(/usr/local/texlive/2014/texmf-dist/tex/latex/amsmath/amstext.sty
Package: amstext 2000/06/29 v2.01

(/usr/local/texlive/2014/texmf-dist/tex/latex/amsmath/amsgen.sty
File: amsgen.sty 1999/11/30 v2.0
\@emptytoks=\toks22
\ex@=\dimen108
))
(/usr/local/texlive/2014/texmf-dist/tex/latex/amsmath/amsbsy.sty
Package: amsbsy 1999/11/29 v1.2d
\pmbraise@=\dimen109
)
(/usr/local/texlive/2014/texmf-dist/tex/latex/amsmath/amsopn.sty
Package: amsopn 1999/12/14 v2.01 operator names
)
\inf@bad=\count79
LaTeX Info: Redefining \frac on input line 210.
\uproot@=\count80
\leftroot@=\count81
LaTeX Info: Redefining \overline on input line 306.
\classnum@=\count82
\DOTSCASE@=\count83
LaTeX Info: Redefining \ldots on input line 378.
LaTeX Info: Redefining \dots on input line 381.
LaTeX Info: Redefining \cdots on input line 466.
\Mathstrutbox@=\box27
\strutbox@=\box28
\big@size=\dimen110
LaTeX Font Info:    Redeclaring font encoding OML on input line 566.
LaTeX Font Info:    Redeclaring font encoding OMS on input line 567.
\macc@depth=\count84
\c@MaxMatrixCols=\count85
\dotsspace@=\muskip10
\c@parentequation=\count86
\dspbrk@lvl=\count87
\tag@help=\toks23
\row@=\count88
\column@=\count89
\maxfields@=\count90
\andhelp@=\toks24
\eqnshift@=\dimen111
\alignsep@=\dimen112
\tagshift@=\dimen113
\tagwidth@=\dimen114
\totwidth@=\dimen115
\lineht@=\dimen116
\@envbody=\toks25
\multlinegap=\skip45
\multlinetaggap=\skip46
\mathdisplay@stack=\toks26
LaTeX Info: Redefining \[ on input line 2665.
LaTeX Info: Redefining \] on input line 2666.
)
(/usr/local/texlive/2014/texmf-dist/tex/latex/setspace/setspace.sty
Package: setspace 2011/12/19 v6.7a set line spacing
)
(/usr/local/texlive/2014/texmf-dist/tex/latex/fancyhdr/fancyhdr.sty
\fancy@headwidth=\skip47
\f@ncyO@elh=\skip48
\f@ncyO@erh=\skip49
\f@ncyO@olh=\skip50
\f@ncyO@orh=\skip51
\f@ncyO@elf=\skip52
\f@ncyO@erf=\skip53
\f@ncyO@olf=\skip54
\f@ncyO@orf=\skip55
)
(/usr/local/texlive/2014/texmf-dist/tex/latex/graphics/graphicx.sty
Package: graphicx 2014/04/25 v1.0g Enhanced LaTeX Graphics (DPC,SPQR)

(/usr/local/texlive/2014/texmf-dist/tex/latex/graphics/keyval.sty
Package: keyval 2014/05/08 v1.15 key=value parser (DPC)
\KV@toks@=\toks27
)
(/usr/local/texlive/2014/texmf-dist/tex/latex/graphics/graphics.sty
Package: graphics 2009/02/05 v1.0o Standard LaTeX Graphics (DPC,SPQR)

(/usr/local/texlive/2014/texmf-dist/tex/latex/graphics/trig.sty
Package: trig 1999/03/16 v1.09 sin cos tan (DPC)
)
(/usr/local/texlive/2014/texmf-dist/tex/latex/latexconfig/graphics.cfg
File: graphics.cfg 2010/04/23 v1.9 graphics configuration of TeX Live
)
Package graphics Info: Driver file: pdftex.def on input line 91.

(/usr/local/texlive/2014/texmf-dist/tex/latex/pdftex-def/pdftex.def
File: pdftex.def 2011/05/27 v0.06d Graphics/color for pdfTeX

(/usr/local/texlive/2014/texmf-dist/tex/generic/oberdiek/infwarerr.sty
Package: infwarerr 2010/04/08 v1.3 Providing info/warning/error messages (HO)
)
(/usr/local/texlive/2014/texmf-dist/tex/generic/oberdiek/ltxcmds.sty
Package: ltxcmds 2011/11/09 v1.22 LaTeX kernel commands for general use (HO)
)
\Gread@gobject=\count91
))
\Gin@req@height=\dimen117
\Gin@req@width=\dimen118
)
(/usr/local/texlive/2014/texmf-dist/tex/latex/eso-pic/eso-pic.sty
Package: eso-pic 2013/10/06 v2.0d eso-pic (RN)

(/usr/local/texlive/2014/texmf-dist/tex/generic/oberdiek/atbegshi.sty
Package: atbegshi 2011/10/05 v1.16 At begin shipout hook (HO)
)
(/usr/local/texlive/2014/texmf-dist/tex/latex/xcolor/xcolor.sty
Package: xcolor 2007/01/21 v2.11 LaTeX color extensions (UK)

(/usr/local/texlive/2014/texmf-dist/tex/latex/latexconfig/color.cfg
File: color.cfg 2007/01/18 v1.5 color configuration of teTeX/TeXLive
)
Package xcolor Info: Driver file: pdftex.def on input line 225.
Package xcolor Info: Model `cmy' substituted by `cmy0' on input line 1337.
Package xcolor Info: Model `hsb' substituted by `rgb' on input line 1341.
Package xcolor Info: Model `RGB' extended on input line 1353.
Package xcolor Info: Model `HTML' substituted by `rgb' on input line 1355.
Package xcolor Info: Model `Hsb' substituted by `hsb' on input line 1356.
Package xcolor Info: Model `tHsb' substituted by `hsb' on input line 1357.
Package xcolor Info: Model `HSB' substituted by `hsb' on input line 1358.
Package xcolor Info: Model `Gray' substituted by `gray' on input line 1359.
Package xcolor Info: Model `wave' substituted by `hsb' on input line 1360.
))
(./woo10.clo
File: woo10.clo 2004/02/16 v1.4f Standard LaTeX file (size option)
)
(/usr/local/texlive/2014/texmf-dist/tex/latex/geometry/geometry.sty
Package: geometry 2010/09/12 v5.6 Page Geometry

(/usr/local/texlive/2014/texmf-dist/tex/generic/oberdiek/ifvtex.sty
Package: ifvtex 2010/03/01 v1.5 Detect VTeX and its facilities (HO)
Package ifvtex Info: VTeX not detected.
)
\Gm@cnth=\count92
\Gm@cntv=\count93
\c@Gm@tempcnt=\count94
\Gm@bindingoffset=\dimen119
\Gm@wd@mp=\dimen120
\Gm@odd@mp=\dimen121
\Gm@even@mp=\dimen122
\Gm@layoutwidth=\dimen123
\Gm@layoutheight=\dimen124
\Gm@layouthoffset=\dimen125
\Gm@layoutvoffset=\dimen126
\Gm@dimlist=\toks28
)
\c@part=\count95
\c@chapter=\count96
\c@section=\count97
\c@subsection=\count98
\c@subsubsection=\count99
\c@paragraph=\count100
\c@subparagraph=\count101
\c@figure=\count102
\c@table=\count103
\abovecaptionskip=\skip56
\belowcaptionskip=\skip57

(/usr/local/texlive/2014/texmf-dist/tex/latex/listings/listings.sty
\lst@mode=\count104
\lst@gtempboxa=\box29
\lst@token=\toks29
\lst@length=\count105
\lst@currlwidth=\dimen127
\lst@column=\count106
\lst@pos=\count107
\lst@lostspace=\dimen128
\lst@width=\dimen129
\lst@newlines=\count108
\lst@lineno=\count109
\lst@maxwidth=\dimen130

(/usr/local/texlive/2014/texmf-dist/tex/latex/listings/lstmisc.sty
File: lstmisc.sty 2014/03/04 1.5c (Carsten Heinz)
\c@lstnumber=\count110
\lst@skipnumbers=\count111
\lst@framebox=\box30
)
(/usr/local/texlive/2014/texmf-dist/tex/latex/listings/listings.cfg
File: listings.cfg 2014/03/04 1.5c listings configuration
))
Package: listings 2014/03/04 1.5c (Carsten Heinz)
\bibindent=\dimen131

(/usr/local/texlive/2014/texmf-dist/tex/latex/base/ifthen.sty
Package: ifthen 2001/05/26 v1.1c Standard LaTeX ifthen package (DPC)
)
(/usr/local/texlive/2014/texmf-dist/tex/latex/natbib/natbib.sty
Package: natbib 2010/09/13 8.31b (PWD, AO)
\bibhang=\skip58
\bibsep=\skip59
LaTeX Info: Redefining \cite on input line 694.
\c@NAT@ctr=\count112
)
(/usr/local/texlive/2014/texmf-dist/tex/latex/base/makeidx.sty
Package: makeidx 2000/03/29 v1.0m Standard LaTeX package
)
(/usr/local/texlive/2014/texmf-dist/tex/latex/tools/verbatim.sty
Package: verbatim 2003/08/22 v1.5q LaTeX2e package for verbatim enhancements
\every@verbatim=\toks30
\verbatim@line=\toks31
\verbatim@in@stream=\read1
)
(/usr/local/texlive/2014/texmf-dist/tex/latex/lettrine/lettrine.sty
File: lettrine.sty 2013/03/14 v1.64 (Daniel Flipo)
\c@DefaultLines=\count113
\DefaultFindent=\dimen132
\DefaultNindent=\dimen133
\DefaultSlope=\dimen134
\L@lbox=\box31
\L@tbox=\box32
\c@L@lines=\count114
\L@Pindent=\dimen135
\L@Findent=\dimen136
\L@Nindent=\dimen137
\L@lraise=\dimen138
\L@first=\dimen139
\L@next=\dimen140
\L@slope=\dimen141
\L@height=\dimen142
\LettrineWidth=\dimen143

Loading lettrine.cfg
(/usr/local/texlive/2014/texmf-dist/tex/latex/lettrine/lettrine.cfg))
(./styles/woofncychap.sty
Package: styles/woofncychap 2004/03/26 v1.0 LaTeX package (Revised chapters) an
 alteration of fncychap by Jon Breitenbucher
\RW=\skip60
\mylen=\skip61
\myhi=\skip62
\px=\skip63
\py=\skip64
\pyy=\skip65
\pxx=\skip66
) (./styles/woolshort.sty
Package: styles/woolshort 

(/usr/local/texlive/2014/texmf-dist/tex/latex/tools/calc.sty
Package: calc 2007/08/22 v4.3 Infix arithmetic (KKT,FJ)
\calc@Acount=\count115
\calc@Bcount=\count116
\calc@Adimen=\dimen144
\calc@Bdimen=\dimen145
\calc@Askip=\skip67
\calc@Bskip=\skip68
LaTeX Info: Redefining \setlength on input line 75.
LaTeX Info: Redefining \addtolength on input line 76.
\calc@Ccount=\count117
\calc@Cskip=\skip69
)
\symbbox=\box33

(/usr/local/texlive/2014/texmf-dist/tex/latex/amsfonts/eucal.sty
Package: eucal 2009/06/22 v3.00 Euler Script fonts
LaTeX Font Info:    Overwriting math alphabet `\EuScript' in version `bold'
(Font)                  U/eus/m/n --> U/eus/b/n on input line 33.
)
(/usr/local/texlive/2014/texmf-dist/tex/latex/amsfonts/eufrak.sty

Package eufrak Warning: The eufrak package is redundant if the amsfonts package
 is used on input line 36.

)
\example@out=\write3
\c@exacnt=\count118
\savefboxrule=\skip70
\savefboxsep=\skip71
\outdent=\skip72
) (/usr/local/texlive/2014/texmf-dist/tex/latex/base/fontenc.sty
Package: fontenc 2005/09/27 v1.99g Standard LaTeX package

(/usr/local/texlive/2014/texmf-dist/tex/latex/base/t1enc.def
File: t1enc.def 2005/09/27 v1.99g Standard LaTeX file
LaTeX Font Info:    Redeclaring font encoding T1 on input line 43.
))
(/usr/local/texlive/2014/texmf-dist/tex/latex/pxfonts/pxfonts.sty
Package: pxfonts 2008/01/22 v1.1.1
LaTeX Font Info:    Redeclaring symbol font `operators' on input line 21.
LaTeX Font Info:    Overwriting symbol font `operators' in version `normal'
(Font)                  OT1/cmr/m/n --> OT1/pxr/m/n on input line 21.
LaTeX Font Info:    Overwriting symbol font `operators' in version `bold'
(Font)                  OT1/cmr/bx/n --> OT1/pxr/m/n on input line 21.
LaTeX Font Info:    Overwriting symbol font `operators' in version `bold'
(Font)                  OT1/pxr/m/n --> OT1/pxr/bx/n on input line 22.
\symitalic=\mathgroup6
LaTeX Font Info:    Overwriting symbol font `italic' in version `bold'
(Font)                  OT1/pxr/m/it --> OT1/pxr/bx/it on input line 26.
LaTeX Font Info:    Redeclaring math alphabet \mathbf on input line 29.
LaTeX Font Info:    Overwriting math alphabet `\mathbf' in version `normal'
(Font)                  OT1/cmr/bx/n --> OT1/pxr/bx/n on input line 29.
LaTeX Font Info:    Overwriting math alphabet `\mathbf' in version `bold'
(Font)                  OT1/cmr/bx/n --> OT1/pxr/bx/n on input line 29.
LaTeX Font Info:    Redeclaring math alphabet \mathit on input line 30.
LaTeX Font Info:    Overwriting math alphabet `\mathit' in version `normal'
(Font)                  OT1/cmr/m/it --> OT1/pxr/m/it on input line 30.
LaTeX Font Info:    Overwriting math alphabet `\mathit' in version `bold'
(Font)                  OT1/cmr/bx/it --> OT1/pxr/m/it on input line 30.
LaTeX Font Info:    Overwriting math alphabet `\mathit' in version `bold'
(Font)                  OT1/pxr/m/it --> OT1/pxr/bx/it on input line 31.
LaTeX Font Info:    Redeclaring math alphabet \mathsf on input line 40.
LaTeX Font Info:    Overwriting math alphabet `\mathsf' in version `normal'
(Font)                  OT1/cmss/m/n --> OT1/pxss/m/n on input line 40.
LaTeX Font Info:    Overwriting math alphabet `\mathsf' in version `bold'
(Font)                  OT1/cmss/bx/n --> OT1/pxss/m/n on input line 40.
LaTeX Font Info:    Overwriting math alphabet `\mathsf' in version `bold'
(Font)                  OT1/pxss/m/n --> OT1/pxss/b/n on input line 41.
LaTeX Font Info:    Redeclaring math alphabet \mathtt on input line 50.
LaTeX Font Info:    Overwriting math alphabet `\mathtt' in version `normal'
(Font)                  OT1/cmtt/m/n --> OT1/pxtt/m/n on input line 50.
LaTeX Font Info:    Overwriting math alphabet `\mathtt' in version `bold'
(Font)                  OT1/cmtt/m/n --> OT1/pxtt/m/n on input line 50.
LaTeX Font Info:    Overwriting math alphabet `\mathtt' in version `bold'
(Font)                  OT1/pxtt/m/n --> OT1/pxtt/b/n on input line 51.
LaTeX Font Info:    Redeclaring symbol font `letters' on input line 58.
LaTeX Font Info:    Overwriting symbol font `letters' in version `normal'
(Font)                  OML/cmm/m/it --> OML/pxmi/m/it on input line 58.
LaTeX Font Info:    Overwriting symbol font `letters' in version `bold'
(Font)                  OML/cmm/b/it --> OML/pxmi/m/it on input line 58.
LaTeX Font Info:    Overwriting symbol font `letters' in version `bold'
(Font)                  OML/pxmi/m/it --> OML/pxmi/bx/it on input line 59.
\symlettersA=\mathgroup7
LaTeX Font Info:    Overwriting symbol font `lettersA' in version `bold'
(Font)                  U/pxmia/m/it --> U/pxmia/bx/it on input line 67.
LaTeX Font Info:    Redeclaring math alphabet \mathfrak on input line 70.
LaTeX Font Info:    Redeclaring symbol font `symbols' on input line 77.
LaTeX Font Info:    Overwriting symbol font `symbols' in version `normal'
(Font)                  OMS/cmsy/m/n --> OMS/pxsy/m/n on input line 77.
LaTeX Font Info:    Overwriting symbol font `symbols' in version `bold'
(Font)                  OMS/cmsy/b/n --> OMS/pxsy/m/n on input line 77.
LaTeX Font Info:    Overwriting symbol font `symbols' in version `bold'
(Font)                  OMS/pxsy/m/n --> OMS/pxsy/bx/n on input line 78.
LaTeX Font Info:    Redeclaring symbol font `AMSa' on input line 93.
LaTeX Font Info:    Overwriting symbol font `AMSa' in version `normal'
(Font)                  U/msa/m/n --> U/pxsya/m/n on input line 93.
LaTeX Font Info:    Overwriting symbol font `AMSa' in version `bold'
(Font)                  U/msa/m/n --> U/pxsya/m/n on input line 93.
LaTeX Font Info:    Overwriting symbol font `AMSa' in version `bold'
(Font)                  U/pxsya/m/n --> U/pxsya/bx/n on input line 94.
LaTeX Font Info:    Redeclaring symbol font `AMSb' on input line 102.
LaTeX Font Info:    Overwriting symbol font `AMSb' in version `normal'
(Font)                  U/msb/m/n --> U/pxsyb/m/n on input line 102.
LaTeX Font Info:    Overwriting symbol font `AMSb' in version `bold'
(Font)                  U/msb/m/n --> U/pxsyb/m/n on input line 102.
LaTeX Font Info:    Overwriting symbol font `AMSb' in version `bold'
(Font)                  U/pxsyb/m/n --> U/pxsyb/bx/n on input line 103.
\symsymbolsC=\mathgroup8
LaTeX Font Info:    Overwriting symbol font `symbolsC' in version `bold'
(Font)                  U/pxsyc/m/n --> U/pxsyc/bx/n on input line 113.
LaTeX Font Info:    Redeclaring symbol font `largesymbols' on input line 120.
LaTeX Font Info:    Overwriting symbol font `largesymbols' in version `normal'
(Font)                  OMX/cmex/m/n --> OMX/pxex/m/n on input line 120.
LaTeX Font Info:    Overwriting symbol font `largesymbols' in version `bold'
(Font)                  OMX/cmex/m/n --> OMX/pxex/m/n on input line 120.
LaTeX Font Info:    Overwriting symbol font `largesymbols' in version `bold'
(Font)                  OMX/pxex/m/n --> OMX/pxex/bx/n on input line 121.
\symlargesymbolsA=\mathgroup9
LaTeX Font Info:    Overwriting symbol font `largesymbolsA' in version `bold'
(Font)                  U/pxexa/m/n --> U/pxexa/bx/n on input line 129.
LaTeX Info: Redefining \not on input line 997.
LaTeX Info: Redefining \textsquare on input line 1017.
LaTeX Info: Redefining \openbox on input line 1018.
)
(/usr/local/texlive/2014/texmf-dist/tex/latex/wrapfig/wrapfig.sty
\wrapoverhang=\dimen146
\WF@size=\dimen147
\c@WF@wrappedlines=\count119
\WF@box=\box34
\WF@everypar=\toks32
Package: wrapfig 2003/01/31  v 3.6
)
(/usr/local/texlive/2014/texmf-dist/tex/latex/float/float.sty
Package: float 2001/11/08 v1.3d Float enhancements (AL)
\c@float@type=\count120
\float@exts=\toks33
\float@box=\box35
\@float@everytoks=\toks34
\@floatcapt=\box36
)
(/usr/local/texlive/2014/texmf-dist/tex/latex/caption/caption.sty
Package: caption 2013/05/02 v3.3-89 Customizing captions (AR)

(/usr/local/texlive/2014/texmf-dist/tex/latex/caption/caption3.sty
Package: caption3 2013/05/02 v1.6-88 caption3 kernel (AR)
Package caption3 Info: TeX engine: e-TeX on input line 57.
\captionmargin=\dimen148
\captionmargin@=\dimen149
\captionwidth=\dimen150
\caption@tempdima=\dimen151
\caption@indent=\dimen152
\caption@parindent=\dimen153
\caption@hangindent=\dimen154
Package caption Info: Unknown document class (or package),
(caption)             standard defaults will be used.
)

Package caption Warning: Unsupported document class (or package) detected,
(caption)                usage of the caption package is not recommended.
See the caption package documentation for explanation.

Package caption Info: \@makecaption = \long macro:#1#2->\small \vskip \abovecap
tionskip \sbox \@tempboxa {#1: #2}\ifdim \wd \@tempboxa >\hsize {\def \baseline
stretch {1}\normalsize \sbox \@tempboxa {#1: }\@setpar {\@@par \@tempdima = \hs
ize \advance \@tempdima -\wd \@tempboxa \parshape \@ne 1\wd \@tempboxa \@tempdi
ma }\par \parindent 0pt\noindent \hbox to \z@ {\hss #1: }#2\par }\else \global 
\@minipagefalse \hbox to\hsize {\hfil \box \@tempboxa \hfil }\fi \vskip \belowc
aptionskip .
\c@ContinuedFloat=\count121
Package caption Info: float package is loaded.
Package caption Info: listings package is loaded.
Package caption Info: wrapfig package is loaded.
) (/usr/local/texlive/2014/texmf-dist/tex/latex/subfigure/subfigure.sty
Package: subfigure 2002/03/15 v2.1.5 subfigure package
\subfigtopskip=\skip73
\subfigcapskip=\skip74
\subfigcaptopadj=\dimen155
\subfigbottomskip=\skip75
\subfigcapmargin=\dimen156
\subfiglabelskip=\skip76
\c@subfigure=\count122
\c@lofdepth=\count123
\c@subtable=\count124
\c@lotdepth=\count125

****************************************
* Local config file subfigure.cfg used *
****************************************
(/usr/local/texlive/2014/texmf-dist/tex/latex/subfigure/subfigure.cfg)
\subfig@top=\skip77
\subfig@bottom=\skip78
)
(/usr/local/texlive/2014/texmf-dist/tex/latex/microtype/microtype.sty
Package: microtype 2013/05/23 v2.5a Micro-typographical refinements (RS)
\MT@toks=\toks35
\MT@count=\count126
LaTeX Info: Redefining \textls on input line 766.
\MT@outer@kern=\dimen157
LaTeX Info: Redefining \textmicrotypecontext on input line 1285.
\MT@listname@count=\count127

(/usr/local/texlive/2014/texmf-dist/tex/latex/microtype/microtype-pdftex.def
File: microtype-pdftex.def 2013/05/23 v2.5a Definitions specific to pdftex (RS)

LaTeX Info: Redefining \lsstyle on input line 915.
LaTeX Info: Redefining \lslig on input line 915.
\MT@outer@space=\skip79
)
Package microtype Info: Loading configuration file microtype.cfg.

(/usr/local/texlive/2014/texmf-dist/tex/latex/microtype/microtype.cfg
File: microtype.cfg 2013/05/23 v2.5a microtype main configuration file (RS)
))
(/usr/local/texlive/2014/texmf-dist/tex/latex/hyperref/hyperref.sty
Package: hyperref 2012/11/06 v6.83m Hypertext links for LaTeX

(/usr/local/texlive/2014/texmf-dist/tex/generic/oberdiek/hobsub-hyperref.sty
Package: hobsub-hyperref 2012/05/28 v1.13 Bundle oberdiek, subset hyperref (HO)


(/usr/local/texlive/2014/texmf-dist/tex/generic/oberdiek/hobsub-generic.sty
Package: hobsub-generic 2012/05/28 v1.13 Bundle oberdiek, subset generic (HO)
Package: hobsub 2012/05/28 v1.13 Construct package bundles (HO)
Package hobsub Info: Skipping package `infwarerr' (already loaded).
Package hobsub Info: Skipping package `ltxcmds' (already loaded).
Package: ifluatex 2010/03/01 v1.3 Provides the ifluatex switch (HO)
Package ifluatex Info: LuaTeX not detected.
Package hobsub Info: Skipping package `ifvtex' (already loaded).
Package: intcalc 2007/09/27 v1.1 Expandable calculations with integers (HO)
Package hobsub Info: Skipping package `ifpdf' (already loaded).
Package: etexcmds 2011/02/16 v1.5 Avoid name clashes with e-TeX commands (HO)
Package etexcmds Info: Could not find \expanded.
(etexcmds)             That can mean that you are not using pdfTeX 1.50 or
(etexcmds)             that some package has redefined \expanded.
(etexcmds)             In the latter case, load this package earlier.
Package: kvsetkeys 2012/04/25 v1.16 Key value parser (HO)
Package: kvdefinekeys 2011/04/07 v1.3 Define keys (HO)
Package: pdftexcmds 2011/11/29 v0.20 Utility functions of pdfTeX for LuaTeX (HO
)
Package pdftexcmds Info: LuaTeX not detected.
Package pdftexcmds Info: \pdf@primitive is available.
Package pdftexcmds Info: \pdf@ifprimitive is available.
Package pdftexcmds Info: \pdfdraftmode found.
Package: pdfescape 2011/11/25 v1.13 Implements pdfTeX's escape features (HO)
Package: bigintcalc 2012/04/08 v1.3 Expandable calculations on big integers (HO
)
Package: bitset 2011/01/30 v1.1 Handle bit-vector datatype (HO)
Package: uniquecounter 2011/01/30 v1.2 Provide unlimited unique counter (HO)
)
Package hobsub Info: Skipping package `hobsub' (already loaded).
Package: letltxmacro 2010/09/02 v1.4 Let assignment for LaTeX macros (HO)
Package: hopatch 2012/05/28 v1.2 Wrapper for package hooks (HO)
Package: xcolor-patch 2011/01/30 xcolor patch
Package: atveryend 2011/06/30 v1.8 Hooks at the very end of document (HO)
Package atveryend Info: \enddocument detected (standard20110627).
Package hobsub Info: Skipping package `atbegshi' (already loaded).
Package: refcount 2011/10/16 v3.4 Data extraction from label references (HO)
Package: hycolor 2011/01/30 v1.7 Color options for hyperref/bookmark (HO)
)
(/usr/local/texlive/2014/texmf-dist/tex/latex/oberdiek/auxhook.sty
Package: auxhook 2011/03/04 v1.3 Hooks for auxiliary files (HO)
)
(/usr/local/texlive/2014/texmf-dist/tex/latex/oberdiek/kvoptions.sty
Package: kvoptions 2011/06/30 v3.11 Key value format for package options (HO)
)
\@linkdim=\dimen158
\Hy@linkcounter=\count128
\Hy@pagecounter=\count129

(/usr/local/texlive/2014/texmf-dist/tex/latex/hyperref/pd1enc.def
File: pd1enc.def 2012/11/06 v6.83m Hyperref: PDFDocEncoding definition (HO)
)
\Hy@SavedSpaceFactor=\count130

(/usr/local/texlive/2014/texmf-dist/tex/latex/latexconfig/hyperref.cfg
File: hyperref.cfg 2002/06/06 v1.2 hyperref configuration of TeXLive
)
Package hyperref Info: Option `pdfusetitle' set `true' on input line 4319.
Package hyperref Info: Option `bookmarks' set `true' on input line 4319.
Package hyperref Info: Option `bookmarksopen' set `true' on input line 4319.
Package hyperref Info: Option `colorlinks' set `true' on input line 4319.
Package hyperref Info: Option `plainpages' set `false' on input line 4319.
Package hyperref Info: Option `linktocpage' set `true' on input line 4319.
Package hyperref Info: Option `pdfpagelabels' set `true' on input line 4319.
Package hyperref Info: Option `hyperindex' set `true' on input line 4319.
Package hyperref Info: Option `breaklinks' set `true' on input line 4319.
Package hyperref Info: Hyper figures OFF on input line 4443.
Package hyperref Info: Link nesting OFF on input line 4448.
Package hyperref Info: Hyper index ON on input line 4451.
Package hyperref Info: Plain pages OFF on input line 4458.
Package hyperref Info: Backreferencing ON on input line 4461.
Package hyperref Info: Implicit mode ON; LaTeX internals redefined.
Package hyperref Info: Bookmarks ON on input line 4688.

(/usr/local/texlive/2014/texmf-dist/tex/latex/hyperref/backref.sty
Package: backref 2012/07/25 v1.38 Bibliographical back referencing

(/usr/local/texlive/2014/texmf-dist/tex/latex/oberdiek/rerunfilecheck.sty
Package: rerunfilecheck 2011/04/15 v1.7 Rerun checks for auxiliary files (HO)
Package uniquecounter Info: New unique counter `rerunfilecheck' on input line 2
82.
))
\c@Hy@tempcnt=\count131

(/usr/local/texlive/2014/texmf-dist/tex/latex/url/url.sty
\Urlmuskip=\muskip11
Package: url 2013/09/16  ver 3.4  Verb mode for urls, etc.
)
LaTeX Info: Redefining \url on input line 5041.
\XeTeXLinkMargin=\dimen159
\Fld@menulength=\count132
\Field@Width=\dimen160
\Fld@charsize=\dimen161
Package hyperref Info: Hyper figures OFF on input line 6295.
Package hyperref Info: Link nesting OFF on input line 6300.
Package hyperref Info: Hyper index ON on input line 6303.
Package hyperref Info: backreferencing ON on input line 6308.
Package hyperref Info: Link coloring ON on input line 6313.
Package hyperref Info: Link coloring with OCG OFF on input line 6320.
Package hyperref Info: PDF/A mode OFF on input line 6325.
LaTeX Info: Redefining \ref on input line 6365.
LaTeX Info: Redefining \pageref on input line 6369.
\Hy@abspage=\count133
\c@Item=\count134
\c@Hfootnote=\count135
)

Package hyperref Message: Driver: hpdftex.

(/usr/local/texlive/2014/texmf-dist/tex/latex/hyperref/hpdftex.def
File: hpdftex.def 2012/11/06 v6.83m Hyperref driver for pdfTeX
\Fld@listcount=\count136
\c@bookmark@seq@number=\count137
\Hy@SectionHShift=\skip80
)
*** Warning: The hyperref package has been loaded. Loading any packages after t
his could interfere with the hyperref package***
) (./styles/packages.tex) (./styles/personal.tex
\c@unnumft=\count138
) (./styles/theorems.tex
\c@thm=\count139
\c@cor=\count140
\c@lem=\count141
\c@prop=\count142
\c@defn=\count143
\c@rem=\count144
\c@ex=\count145
\c@note=\count146
\c@nts=\count147
\c@terminology=\count148
\c@bdefn=\count149
\fmbox=\box37
)
\@indexfile=\write4
\openout4 = `username.idx'.


Writing index file username.idx
(./username.aux

LaTeX Warning: Label `tactile_kinesthetic' multiply defined.


LaTeX Warning: Label `Guidelines' multiply defined.


LaTeX Warning: Label `API' multiply defined.


LaTeX Warning: Label `API' multiply defined.

)
\openout1 = `username.aux'.

LaTeX Font Info:    Checking defaults for OML/pxmi/m/it on input line 92.
LaTeX Font Info:    Try loading font information for OML+pxmi on input line 92.

 (/usr/local/texlive/2014/texmf-dist/tex/latex/pxfonts/omlpxmi.fd
File: omlpxmi.fd 2000/12/14 v1.0
)
LaTeX Font Info:    ... okay on input line 92.
LaTeX Font Info:    Checking defaults for T1/cmr/m/n on input line 92.
LaTeX Font Info:    ... okay on input line 92.
LaTeX Font Info:    Checking defaults for OT1/cmr/m/n on input line 92.
LaTeX Font Info:    ... okay on input line 92.
LaTeX Font Info:    Checking defaults for OMS/pxsy/m/n on input line 92.
LaTeX Font Info:    Try loading font information for OMS+pxsy on input line 92.


(/usr/local/texlive/2014/texmf-dist/tex/latex/pxfonts/omspxsy.fd
File: omspxsy.fd 2000/12/14 v1.0
)
LaTeX Font Info:    ... okay on input line 92.
LaTeX Font Info:    Checking defaults for OMX/pxex/m/n on input line 92.
LaTeX Font Info:    Try loading font information for OMX+pxex on input line 92.


(/usr/local/texlive/2014/texmf-dist/tex/latex/pxfonts/omxpxex.fd
File: omxpxex.fd 2000/12/14 v1.0
)
LaTeX Font Info:    ... okay on input line 92.
LaTeX Font Info:    Checking defaults for U/pxexa/m/n on input line 92.
LaTeX Font Info:    Try loading font information for U+pxexa on input line 92.

(/usr/local/texlive/2014/texmf-dist/tex/latex/pxfonts/upxexa.fd
File: upxexa.fd 2000/12/14 v1.0
)
LaTeX Font Info:    ... okay on input line 92.
LaTeX Font Info:    Checking defaults for PD1/pdf/m/n on input line 92.
LaTeX Font Info:    ... okay on input line 92.
LaTeX Font Info:    Try loading font information for T1+pxr on input line 92.

(/usr/local/texlive/2014/texmf-dist/tex/latex/pxfonts/t1pxr.fd
File: t1pxr.fd 2000/12/14 v1.0
)
(/usr/local/texlive/2014/texmf-dist/tex/context/base/supp-pdf.mkii
[Loading MPS to PDF converter (version 2006.09.02).]
\scratchcounter=\count150
\scratchdimen=\dimen162
\scratchbox=\box38
\nofMPsegments=\count151
\nofMParguments=\count152
\everyMPshowfont=\toks36
\MPscratchCnt=\count153
\MPscratchDim=\dimen163
\MPnumerator=\count154
\makeMPintoPDFobject=\count155
\everyMPtoPDFconversion=\toks37
) (/usr/local/texlive/2014/texmf-dist/tex/latex/oberdiek/epstopdf-base.sty
Package: epstopdf-base 2010/02/09 v2.5 Base part for package epstopdf

(/usr/local/texlive/2014/texmf-dist/tex/latex/oberdiek/grfext.sty
Package: grfext 2010/08/19 v1.1 Manage graphics extensions (HO)
)
Package grfext Info: Graphics extension search list:
(grfext)             [.pdf,.jpg,.tif,.eps]
(grfext)             \AppendGraphicsExtensions on input line 452.

(/usr/local/texlive/2014/texmf-dist/tex/latex/latexconfig/epstopdf-sys.cfg
File: epstopdf-sys.cfg 2010/07/13 v1.3 Configuration of (r)epstopdf for TeX Liv
e
))
\AtBeginShipoutBox=\box39

*geometry* driver: auto-detecting
*geometry* detected driver: pdftex
*geometry* verbose mode - [ preamble ] result:
* driver: pdftex
* paper: letterpaper
* layout: <same size as paper>
* layoutoffset:(h,v)=(0.0pt,0.0pt)
* modes: 
* h-part:(L,W,R)=(108.405pt, 433.62001pt, 72.26999pt)
* v-part:(T,H,B)=(72.26999pt, 650.43001pt, 72.26999pt)
* \paperwidth=614.295pt
* \paperheight=794.96999pt
* \textwidth=433.62001pt
* \textheight=650.43001pt
* \oddsidemargin=36.13501pt
* \evensidemargin=36.13501pt
* \topmargin=-30.06749pt
* \headheight=12.0pt
* \headsep=18.06749pt
* \topskip=10.0pt
* \footskip=25.29494pt
* \marginparwidth=43.36243pt
* \marginparsep=7.0pt
* \columnsep=10.0pt
* \skip\footins=9.0pt plus 4.0pt minus 2.0pt
* \hoffset=0.0pt
* \voffset=0.0pt
* \mag=1000
* \@twocolumnfalse
* \@twosidefalse
* \@mparswitchfalse
* \@reversemarginfalse
* (1in=72.27pt=25.4mm, 1cm=28.453pt)

\c@lstlisting=\count156
Package caption Info: Begin \AtBeginDocument code.
Package caption Info: hyperref package is loaded.
Package caption Info: subfigure package is loaded.
Package caption Info: End \AtBeginDocument code.
LaTeX Info: Redefining \microtypecontext on input line 92.
Package microtype Info: Generating PDF output.
Package microtype Info: Character protrusion enabled (level 2).
Package microtype Info: Using default protrusion set `alltext'.
Package microtype Info: Automatic font expansion enabled (level 2),
(microtype)             stretch: 20, shrink: 20, step: 1, non-selected.
Package microtype Info: Using expansion set `alltext'.
Package microtype Info: No adjustment of tracking.
Package microtype Info: No adjustment of interword spacing.
Package microtype Info: No adjustment of character kerning.
Package microtype Info: ... No configuration file mt-pxr.cfg.
Package microtype Info: ... Loading configuration file mt-ppl.cfg.
(/usr/local/texlive/2014/texmf-dist/tex/latex/microtype/mt-ppl.cfg
File: mt-ppl.cfg 2005/11/16 v1.6 microtype config. file: Palatino (RS)
)
Package microtype Info: Setting up font `T1/pxr/m/n/10' on input line 92.
Package microtype Info: ... Loading protrusion list `ppl-T1'.
Package microtype Info: ... : First loading protrusion list `ppl-default'.
Package microtype Info: ... Applying non-selected expansion (list `default').
Package backref Info: ** backref set up for natbib ** on input line 92.
Package hyperref Info: Link coloring ON on input line 92.

(/usr/local/texlive/2014/texmf-dist/tex/latex/hyperref/nameref.sty
Package: nameref 2012/10/27 v2.43 Cross-referencing by name of section

(/usr/local/texlive/2014/texmf-dist/tex/generic/oberdiek/gettitlestring.sty
Package: gettitlestring 2010/12/03 v1.4 Cleanup title references (HO)
)
\c@section@level=\count157
)
LaTeX Info: Redefining \ref on input line 92.
LaTeX Info: Redefining \pageref on input line 92.
LaTeX Info: Redefining \nameref on input line 92.

(./username.out) (./username.out)
\@outlinefile=\write5
\openout5 = `username.out'.

Package microtype Info: Setting up font `T1/pxr/m/sc/10' on input line 101.
Package microtype Info: ... Loading protrusion list `ppl-sc-T1'.
Package microtype Info: ... : First loading protrusion list `ppl-T1'.
Package microtype Info: ... : First loading protrusion list `ppl-default'.
Package microtype Info: ... Applying non-selected expansion (list `default').
Package microtype Info: Setting up font `T1/pxr/m/sc/14.4' on input line 101.
Package microtype Info: ... Loading protrusion list `ppl-sc-T1'.
Package microtype Info: ... : First loading protrusion list `ppl-T1'.
Package microtype Info: ... : First loading protrusion list `ppl-default'.
Package microtype Info: ... Applying non-selected expansion (list `default').
Package microtype Info: Setting up font `T1/pxr/bx/n/10' on input line 101.
Package microtype Info: ... Loading protrusion list `ppl-T1'.
Package microtype Info: ... : First loading protrusion list `ppl-default'.
Package microtype Info: ... Applying non-selected expansion (list `default').

Overfull \hbox (2.50375pt too wide) in paragraph at lines 101--101
  [] 
 []

<./figures/kauke_arch_gray.pdf, id=217, 202.3556pt x 289.08pt>
File: ./figures/kauke_arch_gray.pdf Graphic file (type pdf)

<use ./figures/kauke_arch_gray.pdf>
Package pdftex.def Info: ./figures/kauke_arch_gray.pdf used on input line 101.
(pdftex.def)             Requested size: 556.50735pt x 795.01213pt.
 [1



{/usr/local/texlive/2014/texmf-var/fonts/map/pdftex/updmap/pdftex.map} <./figur
es/kauke_arch_gray.pdf>]
<./figures/kauke_wordmark.pdf, id=253, 320.06438pt x 398.97574pt>
File: ./figures/kauke_wordmark.pdf Graphic file (type pdf)

<use ./figures/kauke_wordmark.pdf>
Package pdftex.def Info: ./figures/kauke_wordmark.pdf used on input line 103.
(pdftex.def)             Requested size: 128.02347pt x 159.58746pt.
LaTeX Font Info:    Try loading font information for OMS+pxr on input line 103.


(/usr/local/texlive/2014/texmf-dist/tex/latex/pxfonts/omspxr.fd
File: omspxr.fd 2000/12/14 v1.0
)
LaTeX Font Info:    Font shape `OMS/pxr/m/n' in size <10> not available
(Font)              Font shape `OMS/pxsy/m/n' tried instead on input line 103.
Package microtype Info: ... No configuration file mt-pxsy.cfg.
Package microtype Info: Setting up font `OMS/pxsy/m/n/10' on input line 103.
Package microtype Info: ... No protrusion.
Package microtype Info: ... No expansion.
pdfTeX warning (ext4): destination with the same identifier (name{page.i}) has 
been already used, duplicate ignored
<to be read again> 
                   \relax 
l.194 \tableofcontents
                       [1

 <./figures/kauke_wordmark.pdf>]
Package microtype Info: Setting up font `T1/pxr/m/sc/20' on input line 194.
Package microtype Info: ... Loading protrusion list `ppl-sc-T1'.
Package microtype Info: ... : First loading protrusion list `ppl-T1'.
Package microtype Info: ... : First loading protrusion list `ppl-default'.
Package microtype Info: ... Applying non-selected expansion (list `default').
 (./username.toc
LaTeX Font Info:    Try loading font information for OT1+pxr on input line 5.

(/usr/local/texlive/2014/texmf-dist/tex/latex/pxfonts/ot1pxr.fd
File: ot1pxr.fd 2000/12/14 v1.0
)
Package microtype Info: Setting up font `OT1/pxr/m/n/10' on input line 5.
Package microtype Info: ... Loading protrusion list `ppl-default'.
Package microtype Info: ... Applying non-selected expansion (list `default').
Package microtype Info: Setting up font `OT1/pxr/m/n/7' on input line 5.
Package microtype Info: ... Loading protrusion list `ppl-default'.
Package microtype Info: ... Applying non-selected expansion (list `default').
Package microtype Info: Setting up font `OT1/pxr/m/n/5' on input line 5.
Package microtype Info: ... Loading protrusion list `ppl-default'.
Package microtype Info: ... Applying non-selected expansion (list `default').
Package microtype Info: ... No configuration file mt-pxmi.cfg.
Package microtype Info: Setting up font `OML/pxmi/m/it/10' on input line 5.
Package microtype Info: ... No protrusion.
Package microtype Info: ... No expansion.
Package microtype Info: Setting up font `OML/pxmi/m/it/7' on input line 5.
Package microtype Info: ... No protrusion.
Package microtype Info: ... No expansion.
Package microtype Info: Setting up font `OML/pxmi/m/it/5' on input line 5.
Package microtype Info: ... No protrusion.
Package microtype Info: ... No expansion.
Package microtype Info: Setting up font `OMS/pxsy/m/n/7' on input line 5.
Package microtype Info: ... No protrusion.
Package microtype Info: ... No expansion.
Package microtype Info: Setting up font `OMS/pxsy/m/n/5' on input line 5.
Package microtype Info: ... No protrusion.
Package microtype Info: ... No expansion.
Package microtype Info: ... No configuration file mt-pxex.cfg.
Package microtype Info: Setting up font `OMX/pxex/m/n/10' on input line 5.
Package microtype Info: ... No protrusion.
Package microtype Info: ... No expansion.
Package microtype Info: Setting up font `OMX/pxex/m/n/7' on input line 5.
Package microtype Info: ... No protrusion.
Package microtype Info: ... No expansion.
Package microtype Info: Setting up font `OMX/pxex/m/n/5' on input line 5.
Package microtype Info: ... No protrusion.
Package microtype Info: ... No expansion.
LaTeX Font Info:    Try loading font information for U+pxsya on input line 5.

(/usr/local/texlive/2014/texmf-dist/tex/latex/pxfonts/upxsya.fd
File: upxsya.fd 2000/12/14 v1.0
)
Package microtype Info: Setting up font `U/pxsya/m/n/10' on input line 5.
Package microtype Info: ... No protrusion.
Package microtype Info: ... No expansion.
Package microtype Info: Setting up font `U/pxsya/m/n/7' on input line 5.
Package microtype Info: ... No protrusion.
Package microtype Info: ... No expansion.
Package microtype Info: Setting up font `U/pxsya/m/n/5' on input line 5.
Package microtype Info: ... No protrusion.
Package microtype Info: ... No expansion.
LaTeX Font Info:    Try loading font information for U+pxsyb on input line 5.

(/usr/local/texlive/2014/texmf-dist/tex/latex/pxfonts/upxsyb.fd
File: utxsyb.fd 2000/12/14 v1.0
)
Package microtype Info: ... No configuration file mt-pxsyb.cfg.
Package microtype Info: Setting up font `U/pxsyb/m/n/10' on input line 5.
Package microtype Info: ... No protrusion.
Package microtype Info: ... No expansion.
Package microtype Info: Setting up font `U/pxsyb/m/n/7' on input line 5.
Package microtype Info: ... No protrusion.
Package microtype Info: ... No expansion.
Package microtype Info: Setting up font `U/pxsyb/m/n/5' on input line 5.
Package microtype Info: ... No protrusion.
Package microtype Info: ... No expansion.
Package microtype Info: Setting up font `OT1/pxr/m/it/10' on input line 5.
Package microtype Info: ... Loading protrusion list `ppl-it'.
Package microtype Info: ... Applying non-selected expansion (list `default').
Package microtype Info: Setting up font `OT1/pxr/m/it/7' on input line 5.
Package microtype Info: ... Loading protrusion list `ppl-it'.
Package microtype Info: ... Applying non-selected expansion (list `default').
Package microtype Info: Setting up font `OT1/pxr/m/it/5' on input line 5.
Package microtype Info: ... Loading protrusion list `ppl-it'.
Package microtype Info: ... Applying non-selected expansion (list `default').
LaTeX Font Info:    Try loading font information for U+pxmia on input line 5.

(/usr/local/texlive/2014/texmf-dist/tex/latex/pxfonts/upxmia.fd
File: upxmia.fd 2000/12/14 v1.0
)
Package microtype Info: Setting up font `U/pxmia/m/it/10' on input line 5.
Package microtype Info: ... No protrusion.
Package microtype Info: ... No expansion.
Package microtype Info: Setting up font `U/pxmia/m/it/7' on input line 5.
Package microtype Info: ... No protrusion.
Package microtype Info: ... No expansion.
Package microtype Info: Setting up font `U/pxmia/m/it/5' on input line 5.
Package microtype Info: ... No protrusion.
Package microtype Info: ... No expansion.
LaTeX Font Info:    Try loading font information for U+pxsyc on input line 5.

(/usr/local/texlive/2014/texmf-dist/tex/latex/pxfonts/upxsyc.fd
File: upxsyc.fd 2000/12/14 v1.0
)
Package microtype Info: ... No configuration file mt-pxsyc.cfg.
Package microtype Info: Setting up font `U/pxsyc/m/n/10' on input line 5.
Package microtype Info: ... No protrusion.
Package microtype Info: ... No expansion.
Package microtype Info: Setting up font `U/pxsyc/m/n/7' on input line 5.
Package microtype Info: ... No protrusion.
Package microtype Info: ... No expansion.
Package microtype Info: Setting up font `U/pxsyc/m/n/5' on input line 5.
Package microtype Info: ... No protrusion.
Package microtype Info: ... No expansion.
Package microtype Info: Setting up font `U/pxexa/m/n/10' on input line 5.
Package microtype Info: ... No protrusion.
Package microtype Info: ... No expansion.
Package microtype Info: Setting up font `U/pxexa/m/n/7' on input line 5.
Package microtype Info: ... No protrusion.
Package microtype Info: ... No expansion.
Package microtype Info: Setting up font `U/pxexa/m/n/5' on input line 5.
Package microtype Info: ... No protrusion.
Package microtype Info: ... No expansion.
 [2

])
\tf@toc=\write6
\openout6 = `username.toc'.

 [3]
(./username.lof)
\tf@lof=\write7
\openout7 = `username.lof'.

 [4

] (./chapters/introduction.tex
CHAPTER 1.
Package microtype Info: Setting up font `T1/pxr/m/n/9' on input line 6.
Package microtype Info: ... Loading protrusion list `ppl-T1'.
Package microtype Info: ... : First loading protrusion list `ppl-default'.
Package microtype Info: ... Applying non-selected expansion (list `default').
Package microtype Info: Setting up font `T1/pxr/m/n/60' on input line 6.
Package microtype Info: ... Loading protrusion list `ppl-T1'.
Package microtype Info: ... : First loading protrusion list `ppl-default'.
Package microtype Info: ... Applying non-selected expansion (list `default').
[1


]
Package microtype Info: Setting up font `T1/pxr/m/it/10' on input line 40.
Package microtype Info: ... Loading protrusion list `ppl-it-T1'.
Package microtype Info: ... : First loading protrusion list `ppl-it'.
Package microtype Info: ... Applying non-selected expansion (list `default').
 <./figures/photo1_sutehrland.jpg, id=415, 201.75375pt x 243.15843pt>
File: ./figures/photo1_sutehrland.jpg Graphic file (type jpg)

<use ./figures/photo1_sutehrland.jpg>
Package pdftex.def Info: ./figures/photo1_sutehrland.jpg used on input line 44.

(pdftex.def)             Requested size: 173.44534pt x 209.04167pt.
Package microtype Info: Setting up font `T1/pxr/m/sl/10' on input line 51.
Package microtype Info: ... Loading protrusion list `ppl-it-T1'.
Package microtype Info: ... : First loading protrusion list `ppl-it'.
Package microtype Info: ... Applying non-selected expansion (list `default').
 [2 <./figures/photo1_sutehrland.jpg>]
<./figures/photo16_cave.jpg, id=428, 715.67375pt x 495.8525pt>
File: ./figures/photo16_cave.jpg Graphic file (type jpg)

<use ./figures/photo16_cave.jpg>
Package pdftex.def Info: ./figures/photo16_cave.jpg used on input line 65.
(pdftex.def)             Requested size: 238.49232pt x 165.23584pt.
 [3 <./figures/photo16_cave.jpg>]
<./figures/photo8_applications.jpg, id=438, 1617.04124pt x 1086.0575pt>
File: ./figures/photo8_applications.jpg Graphic file (type jpg)

<use ./figures/photo8_applications.jpg>
Package pdftex.def Info: ./figures/photo8_applications.jpg used on input line 8
1.
(pdftex.def)             Requested size: 260.17465pt x 174.73392pt.
 [4 <./figures/photo8_applications.jpg>]
Package microtype Info: Setting up font `T1/pxr/m/sc/12' on input line 92.
Package microtype Info: ... Loading protrusion list `ppl-sc-T1'.
Package microtype Info: ... : First loading protrusion list `ppl-T1'.
Package microtype Info: ... : First loading protrusion list `ppl-default'.
Package microtype Info: ... Applying non-selected expansion (list `default').
<./figures/savecat.jpg, id=448, 1521.74155pt x 395.95818pt>
File: ./figures/savecat.jpg Graphic file (type jpg)

<use ./figures/savecat.jpg>
Package pdftex.def Info: ./figures/savecat.jpg used on input line 102.
(pdftex.def)             Requested size: 433.62001pt x 112.82507pt.


LaTeX Warning: `h' float specifier changed to `ht'.

[5]) (./chapters/chapter1.tex [6 <./figures/savecat.jpg>]
CHAPTER 2.
[7

] <./figures/humanEye.jpg, id=468, 374.39874pt x 361.35pt>
File: ./figures/humanEye.jpg Graphic file (type jpg)

<use ./figures/humanEye.jpg>
Package pdftex.def Info: ./figures/humanEye.jpg used on input line 30.
(pdftex.def)             Requested size: 216.81pt x 209.25232pt.
 [8 <./figures/humanEye.jpg>]
<./figures/RGB_Model.jpg, id=480, 2007.5pt x 1841.88126pt>
File: ./figures/RGB_Model.jpg Graphic file (type jpg)

<use ./figures/RGB_Model.jpg>
Package pdftex.def Info: ./figures/RGB_Model.jpg used on input line 45.
(pdftex.def)             Requested size: 216.81pt x 198.89774pt.

<./figures/DepthPerceptionCues.jpg, id=486, 4002.955pt x 4002.955pt>
File: ./figures/DepthPerceptionCues.jpg Graphic file (type jpg)

<use ./figures/DepthPerceptionCues.jpg>
Package pdftex.def Info: ./figures/DepthPerceptionCues.jpg used on input line 6
5.
(pdftex.def)             Requested size: 260.17465pt x 260.14014pt.


LaTeX Warning: `h' float specifier changed to `ht'.

[9 <./figures/RGB_Model.jpg>] [10 <./figures/DepthPerceptionCues.jpg>]
<./figures/convergence.jpg, id=516, 482.80376pt x 212.795pt>
File: ./figures/convergence.jpg Graphic file (type jpg)

<use ./figures/convergence.jpg>
Package pdftex.def Info: ./figures/convergence.jpg used on input line 98.
(pdftex.def)             Requested size: 303.53267pt x 133.78555pt.

<./figures/fov.jpg, id=521, 1927.2pt x 652.4375pt>
File: ./figures/fov.jpg Graphic file (type jpg)
 <use ./figures/fov.jpg>
Package pdftex.def Info: ./figures/fov.jpg used on input line 114.
(pdftex.def)             Requested size: 368.57965pt x 124.7708pt.


LaTeX Warning: `h' float specifier changed to `ht'.

[11 <./figures/convergence.jpg>]
<./figures/htc_vive.jpg, id=533, 2047.65pt x 1217.54875pt>
File: ./figures/htc_vive.jpg Graphic file (type jpg)

<use ./figures/htc_vive.jpg>
Package pdftex.def Info: ./figures/htc_vive.jpg used on input line 127.
(pdftex.def)             Requested size: 260.17465pt x 154.70128pt.


LaTeX Warning: `h' float specifier changed to `ht'.

[12 <./figures/fov.jpg>]
<./figures/job_simulator.jpg, id=544, 1927.2pt x 1084.05pt>
File: ./figures/job_simulator.jpg Graphic file (type jpg)

<use ./figures/job_simulator.jpg>
Package pdftex.def Info: ./figures/job_simulator.jpg used on input line 160.
(pdftex.def)             Requested size: 303.53267pt x 170.72223pt.
 [13 <./figures/htc_vive.jpg> <./figures/job_simulator.jpg>] [14] <./figures/re
ceptors.jpg, id=561, 618.31pt x 467.7475pt>
File: ./figures/receptors.jpg Graphic file (type jpg)

<use ./figures/receptors.jpg>
Package pdftex.def Info: ./figures/receptors.jpg used on input line 192.
(pdftex.def)             Requested size: 260.17465pt x 196.82373pt.

<./figures/SkinReceptors.jpg, id=566, 401.5pt x 257.96375pt>
File: ./figures/SkinReceptors.jpg Graphic file (type jpg)

<use ./figures/SkinReceptors.jpg>
Package pdftex.def Info: ./figures/SkinReceptors.jpg used on input line 207.
(pdftex.def)             Requested size: 325.215pt x 208.96523pt.


LaTeX Warning: `h' float specifier changed to `ht'.

[15 <./figures/receptors.jpg>]
<./figures/Mechanoreceptors.jpg, id=579, 558.085pt x 483.8075pt>
File: ./figures/Mechanoreceptors.jpg Graphic file (type jpg)

<use ./figures/Mechanoreceptors.jpg>
Package pdftex.def Info: ./figures/Mechanoreceptors.jpg used on input line 228.

(pdftex.def)             Requested size: 260.17465pt x 225.55136pt.


LaTeX Warning: `h' float specifier changed to `ht'.

[16 <./figures/SkinReceptors.jpg>]
<./figures/haptic_interaction.jpg, id=588, 567.11874pt x 315.1775pt>
File: ./figures/haptic_interaction.jpg Graphic file (type jpg)

<use ./figures/haptic_interaction.jpg>
Package pdftex.def Info: ./figures/haptic_interaction.jpg used on input line 24
6.
(pdftex.def)             Requested size: 346.89732pt x 192.79662pt.


LaTeX Warning: `h' float specifier changed to `ht'.

[17 <./figures/Mechanoreceptors.jpg>] [18 <./figures/haptic_interaction.jpg>]
<./figures/photo8_sound.jpg, id=609, 80.6764pt x 52.195pt>
File: ./figures/photo8_sound.jpg Graphic file (type jpg)

<use ./figures/photo8_sound.jpg>
Package pdftex.def Info: ./figures/photo8_sound.jpg used on input line 274.
(pdftex.def)             Requested size: 303.53267pt x 196.42365pt.
) (./chapters/chapter2.tex [19 <./figures/photo8_sound.jpg>] [20]
CHAPTER 3.
[21

] <./figures/ViveControllers.jpg, id=626, 952.55875pt x 847.165pt>
File: ./figures/ViveControllers.jpg Graphic file (type jpg)

<use ./figures/ViveControllers.jpg>
Package pdftex.def Info: ./figures/ViveControllers.jpg used on input line 27.
(pdftex.def)             Requested size: 216.81pt x 192.81436pt.
 [22 <./figures/ViveControllers.jpg (PNG copy)>] <./figures/GUI.jpg, id=636, 60
2.25pt x 338.76563pt>
File: ./figures/GUI.jpg Graphic file (type jpg)

<use ./figures/GUI.jpg>
Package pdftex.def Info: ./figures/GUI.jpg used on input line 39.
(pdftex.def)             Requested size: 303.53267pt x 170.74187pt.
 [23 <./figures/GUI.jpg>]) (./chapters/chapter3.tex
[24]
CHAPTER 4.
) (./chapters/chapter4.tex [25

]
CHAPTER 5.
) [26

] (./username.bbl (./username.brf)
\tf@brf=\write8
\openout8 = `username.brf'.

LaTeX Font Info:    Try loading font information for T1+pxtt on input line 11.

(/usr/local/texlive/2014/texmf-dist/tex/latex/pxfonts/t1pxtt.fd
File: t1pxtt.fd 2000/12/14 v1.0
)
Package microtype Info: ... No configuration file mt-pxtt.cfg.
Package microtype Info: Setting up font `T1/pxtt/m/n/10' on input line 11.
Package microtype Info: ... Loading protrusion list `T1-default'.
Package microtype Info: Loading generic settings for font family
(microtype)             `pxtt' (encoding: T1).
(microtype)             For optimal results, create family-specific settings.
(microtype)             See the microtype manual for details.
Package microtype Info: ... : First loading protrusion list `default'.
Package microtype Info: ... Applying non-selected expansion (list `default').

Underfull \hbox (badness 4819) in paragraph at lines 21--21
[]\T1/pxr/m/n/10 (+20) Somatosensory re-cep-tors.  URL [][]$\T1/pxtt/m/n/10 (+2
0) http : / / www . d . umn . edu / ~jfitzake / Lectures / DMED /
 []


Underfull \hbox (badness 3158) in paragraph at lines 26--26
[]\T1/pxr/m/n/10 (+20) Vr de-vel-op-ment, 2016.  URL [][]$\T1/pxtt/m/n/10 (+20)
 https : / / forums . unrealengine . com / showthread . php ?
 []


Underfull \hbox (badness 10000) in paragraph at lines 103--103
[]\T1/pxr/m/n/10 (+20) Kirk Hamil-ton.  Htc vive vs. ocu-lus rift: The com-par-
i-son we had
 []


Underfull \hbox (badness 10000) in paragraph at lines 103--103
\T1/pxr/m/n/10 (+20) to make, Apr 18 2016.  URL [][]$\T1/pxtt/m/n/10 (+20) http
 : / / www . kotaku . com . au / 2016 / 04 /
 []

[27


]
Underfull \hbox (badness 10000) in paragraph at lines 133--133
[]\T1/pxr/m/n/10 (+20) Pete Markiewicz.  6 rea-sons vr is on ev-ery-one's lips,
 Novem-
 []


Underfull \hbox (badness 10000) in paragraph at lines 133--133
\T1/pxr/m/n/10 (+20) ber 2015.  URL [][]$\T1/pxtt/m/n/10 (+20) https : / / owen
tertainment . biz / 2015 / 11 / 21 /
 []

) [28]
No file username.ind.
[29


]
Package atveryend Info: Empty hook `BeforeClearDocument' on input line 308.
Package atveryend Info: Empty hook `AfterLastShipout' on input line 308.
 (./username.aux)
Package atveryend Info: Executing hook `AtVeryEndDocument' on input line 308.
Package atveryend Info: Executing hook `AtEndAfterFileList' on input line 308.
Package rerunfilecheck Info: File `username.out' has not changed.
(rerunfilecheck)             Checksum: DD5664EB212BE6608EBA1A777B10CE2E;3484.
Package rerunfilecheck Info: File `username.brf' has not changed.
(rerunfilecheck)             Checksum: A8FB92B236D6DF5B475FE642325D0153;4309.


LaTeX Warning: There were multiply-defined labels.

Package atveryend Info: Empty hook `AtVeryVeryEnd' on input line 308.
 ) 
Here is how much of TeX's memory you used:
 13802 strings out of 493117
 202640 string characters out of 6135433
 330782 words of memory out of 5000000
 16463 multiletter control sequences out of 15000+600000
 48633 words of font info for 298 fonts, out of 8000000 for 9000
 1141 hyphenation exceptions out of 8191
 43i,13n,47p,1549b,487s stack positions out of 5000i,500n,10000p,200000b,80000s
{/usr/local/texlive/2014/texmf-dist/fonts/enc/dvips/base/8r.enc}</usr/local/t
exlive/2014/texmf-dist/fonts/type1/public/pxfonts/pxsy.pfb></usr/local/texlive/
2014/texmf-dist/fonts/type1/public/pxfonts/rpxr.pfb></usr/local/texlive/2014/te
xmf-dist/fonts/type1/public/pxfonts/rpxsc.pfb></usr/local/texlive/2014/texmf-di
st/fonts/type1/public/txfonts/t1xtt.pfb></usr/local/texlive/2014/texmf-dist/fon
ts/type1/urw/palatino/uplb8a.pfb></usr/local/texlive/2014/texmf-dist/fonts/type
1/urw/palatino/uplr8a.pfb></usr/local/texlive/2014/texmf-dist/fonts/type1/urw/p
alatino/uplr8a.pfb></usr/local/texlive/2014/texmf-dist/fonts/type1/urw/palatino
/uplri8a.pfb>
Output written on username.pdf (34 pages, 10397514 bytes).
PDF statistics:
 861 PDF objects out of 1000 (max. 8388607)
 749 compressed objects within 8 object streams
 155 named destinations out of 1000 (max. 500000)
 74253 words of extra memory for PDF output out of 74296 (max. 10000000)

