\BOOKMARK [0][]{section*.1}{Contents}{}% 1
\BOOKMARK [0][]{chapter*.3}{List of Figures}{}% 2
\BOOKMARK [0][]{chapter.1}{Introduction}{}% 3
\BOOKMARK [1][]{section.1.1}{Defining Virtual Reality}{chapter.1}% 4
\BOOKMARK [1][]{section.1.2}{History}{chapter.1}% 5
\BOOKMARK [1][]{section.1.3}{Applications}{chapter.1}% 6
\BOOKMARK [1][]{section.1.4}{Virtual Presence}{chapter.1}% 7
\BOOKMARK [2][]{subsection.1.4.1}{Physical Presence}{section.1.4}% 8
\BOOKMARK [2][]{subsection.1.4.2}{Mental Presence}{section.1.4}% 9
\BOOKMARK [1][]{section.1.5}{Conclusion}{chapter.1}% 10
\BOOKMARK [0][]{chapter.2}{Human Sensory Perception: Biological and Cognitive}{}% 11
\BOOKMARK [1][]{section.2.1}{Human Visual System}{chapter.2}% 12
\BOOKMARK [2][]{subsection.2.1.1}{Light Perception}{section.2.1}% 13
\BOOKMARK [2][]{subsection.2.1.2}{Color Perception}{section.2.1}% 14
\BOOKMARK [2][]{subsection.2.1.3}{Depth Perception}{section.2.1}% 15
\BOOKMARK [2][]{subsection.2.1.4}{Field Of View And Critical Fusion Frequency}{section.2.1}% 16
\BOOKMARK [1][]{section.2.2}{Human Haptic System}{chapter.2}% 17
\BOOKMARK [2][]{subsection.2.2.1}{Sensory System}{section.2.2}% 18
\BOOKMARK [3][]{subsubsection.2.2.1.1}{Kinesthetic Perception}{subsection.2.2.1}% 19
\BOOKMARK [3][]{subsubsection.2.2.1.2}{Tactile Perception}{subsection.2.2.1}% 20
\BOOKMARK [2][]{subsection.2.2.2}{Motor and Cognitive Systems}{section.2.2}% 21
\BOOKMARK [1][]{section.2.3}{Aural System}{chapter.2}% 22
\BOOKMARK [1][]{section.2.4}{Design Guidelines}{chapter.2}% 23
\BOOKMARK [1][]{section.2.5}{Conclusion}{chapter.2}% 24
\BOOKMARK [0][]{chapter.3}{Interaction Systems}{}% 25
\BOOKMARK [1][]{section.3.1}{Introduction to Unity}{chapter.3}% 26
\BOOKMARK [2][]{subsection.3.1.1}{Unity's User Interface}{section.3.1}% 27
\BOOKMARK [3][]{subsubsection.3.1.1.1}{Scripting}{subsection.3.1.1}% 28
\BOOKMARK [2][]{subsection.3.1.2}{Creating VR Through Unity}{section.3.1}% 29
\BOOKMARK [2][]{subsection.3.1.3}{VR Motion Sickness}{section.3.1}% 30
\BOOKMARK [1][]{section.3.2}{Steam VR Plug-in}{chapter.3}% 31
\BOOKMARK [1][]{section.3.3}{Naive System}{chapter.3}% 32
\BOOKMARK [2][]{subsection.3.3.1}{Allowances}{section.3.3}% 33
\BOOKMARK [2][]{subsection.3.3.2}{Shortcomings}{section.3.3}% 34
\BOOKMARK [2][]{subsection.3.3.3}{Improvements}{section.3.3}% 35
\BOOKMARK [1][]{section.3.4}{Newtonian System}{chapter.3}% 36
\BOOKMARK [2][]{subsection.3.4.1}{Theory}{section.3.4}% 37
\BOOKMARK [2][]{subsection.3.4.2}{Allowances}{section.3.4}% 38
\BOOKMARK [2][]{subsection.3.4.3}{Improvements}{section.3.4}% 39
\BOOKMARK [0][]{chapter.4}{Implementation Theory}{}% 40
\BOOKMARK [1][]{section.4.1}{Implementing New System}{chapter.4}% 41
\BOOKMARK [2][]{subsection.4.1.1}{Haptic API's}{section.4.1}% 42
\BOOKMARK [2][]{subsection.4.1.2}{NewtonVR Functions}{section.4.1}% 43
\BOOKMARK [2][]{subsection.4.1.3}{Deciding Which Objects Should be Interactable}{section.4.1}% 44
\BOOKMARK [1][]{section.4.2}{The Improvements}{chapter.4}% 45
\BOOKMARK [2][]{subsection.4.2.1}{Low-Polly Worlds verse High Polly Worlds}{section.4.2}% 46
\BOOKMARK [2][]{subsection.4.2.2}{Better Immersion }{section.4.2}% 47
\BOOKMARK [1][]{section.4.3}{Applications}{chapter.4}% 48
\BOOKMARK [0][]{chapter.5}{Final Application Results}{}% 49
\BOOKMARK [1][]{section.5.1}{Asset Pack Model}{chapter.5}% 50
\BOOKMARK [1][]{section.5.2}{Applied Theory and Software}{chapter.5}% 51
\BOOKMARK [0][]{appendix*.22}{References}{}% 52
\BOOKMARK [0][]{section*.23}{Index}{}% 53
